<?xml version="1.0" encoding="UTF-8"?>
<testng-results ignored="0" total="5" passed="5" failed="0" skipped="0">
  <reporter-output>
  </reporter-output>
  <suite started-at="2018-02-26T13:14:24Z" name="QuandooSuite" finished-at="2018-02-26T13:15:00Z" duration-ms="35349">
    <groups>
    </groups>
    <test started-at="2018-02-26T13:14:24Z" name="Test" finished-at="2018-02-26T13:15:00Z" duration-ms="35349">
      <class name="herokuApp.herokuApp_Hover">
        <test-method is-config="true" signature="launchBrowser()[pri:0, instance:herokuApp.herokuApp_Hover@4d02f94e]" started-at="2018-02-26T13:14:39Z" name="launchBrowser" finished-at="2018-02-26T13:14:48Z" duration-ms="9430" status="PASS">
          <reporter-output>
          </reporter-output>
        </test-method> <!-- launchBrowser -->
        <test-method signature="hoverScenario_tc1()[pri:1, instance:herokuApp.herokuApp_Hover@4d02f94e]" started-at="2018-02-26T13:14:48Z" name="hoverScenario_tc1" finished-at="2018-02-26T13:14:49Z" duration-ms="943" status="PASS">
          <reporter-output>
          </reporter-output>
        </test-method> <!-- hoverScenario_tc1 -->
        <test-method is-config="true" signature="closeBrowser()[pri:0, instance:herokuApp.herokuApp_Hover@4d02f94e]" started-at="2018-02-26T13:14:49Z" name="closeBrowser" finished-at="2018-02-26T13:14:49Z" duration-ms="146" status="PASS">
          <reporter-output>
          </reporter-output>
        </test-method> <!-- closeBrowser -->
      </class> <!-- herokuApp.herokuApp_Hover -->
      <class name="herokuApp.herokuApp_Tables">
        <test-method is-config="true" signature="launchBrowser()[pri:0, instance:herokuApp.herokuApp_Tables@ea6147e]" started-at="2018-02-26T13:14:24Z" name="launchBrowser" finished-at="2018-02-26T13:14:32Z" duration-ms="7543" status="PASS">
          <reporter-output>
          </reporter-output>
        </test-method> <!-- launchBrowser -->
        <test-method signature="tablesScenario_tc1()[pri:0, instance:herokuApp.herokuApp_Tables@ea6147e]" started-at="2018-02-26T13:14:32Z" name="tablesScenario_tc1" finished-at="2018-02-26T13:14:38Z" duration-ms="6517" status="PASS">
          <reporter-output>
          </reporter-output>
        </test-method> <!-- tablesScenario_tc1 -->
        <test-method is-config="true" signature="closeBrowser()[pri:0, instance:herokuApp.herokuApp_Tables@ea6147e]" started-at="2018-02-26T13:14:38Z" name="closeBrowser" finished-at="2018-02-26T13:14:39Z" duration-ms="72" status="PASS">
          <reporter-output>
          </reporter-output>
        </test-method> <!-- closeBrowser -->
      </class> <!-- herokuApp.herokuApp_Tables -->
      <class name="herokuApp.herokuApp_Login">
        <test-method is-config="true" signature="launchBrowser()[pri:0, instance:herokuApp.herokuApp_Login@3fb1549b]" started-at="2018-02-26T13:14:39Z" name="launchBrowser" finished-at="2018-02-26T13:14:46Z" duration-ms="7482" status="PASS">
          <reporter-output>
          </reporter-output>
        </test-method> <!-- launchBrowser -->
        <test-method signature="testScenario_1()[pri:1, instance:herokuApp.herokuApp_Login@3fb1549b]" started-at="2018-02-26T13:14:46Z" name="testScenario_1" finished-at="2018-02-26T13:14:47Z" duration-ms="1321" status="PASS">
          <reporter-output>
          </reporter-output>
        </test-method> <!-- testScenario_1 -->
        <test-method is-config="true" signature="closeBrowser()[pri:0, instance:herokuApp.herokuApp_Login@3fb1549b]" started-at="2018-02-26T13:14:47Z" name="closeBrowser" finished-at="2018-02-26T13:14:47Z" duration-ms="75" status="PASS">
          <reporter-output>
          </reporter-output>
        </test-method> <!-- closeBrowser -->
        <test-method is-config="true" signature="launchBrowser()[pri:0, instance:herokuApp.herokuApp_Login@3fb1549b]" started-at="2018-02-26T13:14:49Z" name="launchBrowser" finished-at="2018-02-26T13:14:54Z" duration-ms="4504" status="PASS">
          <reporter-output>
          </reporter-output>
        </test-method> <!-- launchBrowser -->
        <test-method signature="testScenario_2()[pri:2, instance:herokuApp.herokuApp_Login@3fb1549b]" started-at="2018-02-26T13:14:54Z" name="testScenario_2" finished-at="2018-02-26T13:14:54Z" duration-ms="905" status="PASS">
          <reporter-output>
          </reporter-output>
        </test-method> <!-- testScenario_2 -->
        <test-method is-config="true" signature="closeBrowser()[pri:0, instance:herokuApp.herokuApp_Login@3fb1549b]" started-at="2018-02-26T13:14:54Z" name="closeBrowser" finished-at="2018-02-26T13:14:55Z" duration-ms="74" status="PASS">
          <reporter-output>
          </reporter-output>
        </test-method> <!-- closeBrowser -->
        <test-method is-config="true" signature="launchBrowser()[pri:0, instance:herokuApp.herokuApp_Login@3fb1549b]" started-at="2018-02-26T13:14:55Z" name="launchBrowser" finished-at="2018-02-26T13:14:59Z" duration-ms="4189" status="PASS">
          <reporter-output>
          </reporter-output>
        </test-method> <!-- launchBrowser -->
        <test-method signature="testScenario_3()[pri:3, instance:herokuApp.herokuApp_Login@3fb1549b]" started-at="2018-02-26T13:14:59Z" name="testScenario_3" finished-at="2018-02-26T13:15:00Z" duration-ms="874" status="PASS">
          <reporter-output>
          </reporter-output>
        </test-method> <!-- testScenario_3 -->
        <test-method is-config="true" signature="closeBrowser()[pri:0, instance:herokuApp.herokuApp_Login@3fb1549b]" started-at="2018-02-26T13:15:00Z" name="closeBrowser" finished-at="2018-02-26T13:15:00Z" duration-ms="79" status="PASS">
          <reporter-output>
          </reporter-output>
        </test-method> <!-- closeBrowser -->
      </class> <!-- herokuApp.herokuApp_Login -->
    </test> <!-- Test -->
  </suite> <!-- QuandooSuite -->
</testng-results>
