<?xml version="1.0" encoding="UTF-8"?>
<!-- Generated by org.testng.reporters.JUnitXMLReporter -->
<testsuite ignored="0" hostname="Mallikas-MBP" failures="0" tests="5" name="Test" time="35.349" errors="0" timestamp="26 Feb 2018 13:15:00 GMT">
  <testcase classname="herokuApp.herokuApp_Tables" name="tablesScenario_tc1" time="6.517"/>
  <testcase classname="herokuApp.herokuApp_Login" name="testScenario_1" time="1.321"/>
  <testcase classname="herokuApp.herokuApp_Hover" name="hoverScenario_tc1" time="0.943"/>
  <testcase classname="herokuApp.herokuApp_Login" name="testScenario_2" time="0.905"/>
  <testcase classname="herokuApp.herokuApp_Login" name="testScenario_3" time="0.874"/>
</testsuite> <!-- Test -->
